<html xmlns:math="http://exslt.org/math" xmlns:testng="http://testng.org">
   <head>
      <title>TestNG Results</title>
      <meta http-equiv="content-type" content="text/html; charset=utf-8"></meta>
      <meta http-equiv="pragma" content="no-cache"></meta>
      <meta http-equiv="cache-control" content="max-age=0"></meta>
      <meta http-equiv="cache-control" content="no-cache"></meta>
      <meta http-equiv="cache-control" content="no-store"></meta>
      <LINK rel="stylesheet" href="style.css"></LINK>
      <script type="text/javascript" src="main.js"></script>
   </head>
   <body>
      <table width="100%" style="font-size: 16px; margin-bottom: 10px;" cellspacing="1">
         <tr>
            <td width="100%">
               All methods in suite
               
               <b>Suite</b>
            </td>
            <td style="background-color: #FFBBBB; padding: 3px 3px 3px 0;" align="center">
               <div style="width: 50px;">2</div>
            </td>
            <td style="background-color: lightgreen; padding: 3px 3px 3px 0;" align="center">
               <div style="width: 50px;">8</div>
            </td>
            <td style="background-color: #FFFFBB; padding: 3px 3px 3px 0;" align="center">
               <div style="width: 50px;">2</div>
            </td>
            <td align="center" style="background-color: #eaf0f7; padding: 3px 3px 3px 0;">
               <div style="width: 50px;">12</div>
            </td>
            <td align="center"
                style="font-weight: bold; background-color: #eaf0f7; padding: 3px 3px 3px 0;">
               <div style="width: 50px;">67%</div>
            </td>
            <td style="background-color: #eaf0f7; padding: 3px 3px 3px 0;" align="center"
                nowrap="true">445 ms
               
            </td>
         </tr>
      </table>
      <div style="width: 200px;">
         <label for="groupMethodsCheckBox" style="font-weight: bold; margin: 0;">
            <input id="groupMethodsCheckBox" type="checkbox" onclick="switchTestMethodsView(this)"
                   checked=""></input>
            Group by class
            
         </label>
         <br></br>
         <label for="methodsFilter_ALL" style="font-weight: bold; margin: 0;">
            <input id="methodsFilter_ALL" type="checkbox"
                   onclick="testMethodsFilterChanged(this, 'ALL')"
                   checked=""></input>
            All
            
         </label>
      </div>
      <label for="methodsFilter_FAIL" style="margin-left: 20px;">
         <input id="methodsFilter_FAIL" type="checkbox"
                onclick="testMethodsFilterChanged(this, 'FAIL')"
                checked=""></input>
         Failed
         
      </label>
      <label for="methodsFilter_PASS">
         <input id="methodsFilter_PASS" type="checkbox"
                onclick="testMethodsFilterChanged(this, 'PASS')"
                checked=""></input>
         Passed
         
      </label>
      <label for="methodsFilter_SKIP">
         <input id="methodsFilter_SKIP" type="checkbox"
                onclick="testMethodsFilterChanged(this, 'SKIP')"
                checked=""></input>
         Skipped
         
      </label>
      <label for="methodsFilter_CONF">
         <input id="methodsFilter_CONF" type="checkbox"
                onclick="testMethodsFilterChanged(this, 'CONF')"
                checked=""></input>
         Config
         
      </label>
      <br></br>
      <div id="testMethodsByStatus" style="display: none;">
         <table class="testMethodsTable" cellpadding="0" cellspacing="0">
            <tr class="methodsTableHeader">
               <td width="100%">Name</td>
               <td nowrap="true">Started</td>
               <td nowrap="true">Duration</td>
               <td>Exception</td>
            </tr>
            <tr id="testngpackage.Third_eleven_byStatus_failed_FAIL1_row"
                class="testMethodStatusFAIL">
               <td width="100%" class="firstMethodCell">
                  <a onclick="toggleDetailsVisibility('testngpackage.Third_eleven_byStatus_failed_FAIL1_details')">eleven()</a>
               </td>
               <td nowrap="true">09:31:29</td>
               <td nowrap="true" align="right">15 ms
                  
               </td>
               <td nowrap="true">
                  <a onclick="toggleDetailsVisibility('testngpackage.Third_eleven_byStatus_failed_FAIL1_exception')">java.lang.AssertionError: 
                     expected [ashish] but found [anish]
                     
                  </a>
                   
                  
               </td>
            </tr>
            <tr>
               <td colspan="4" class="detailsBox">
                  <div id="testngpackage.Third_eleven_byStatus_failed_FAIL1_details"
                       class="testMethodDetails">
                     <div>
                        <b>Name: </b>eleven
                     </div>
                     <div>
                        <b>Signature: </b>eleven()[pri:0, instance:testngpackage.Third@d2cc05a]
                     </div>
                     <div>
                        <b>Start time: </b>09:31:29
                     </div>
                     <div>
                        <b>End time: </b>09:31:29
                     </div>
                     <div>
                        <b>Duration: </b>15 ms
                        
                     </div>
                  </div>
               </td>
            </tr>
            <tr>
               <td colspan="4" class="detailsBox">
                  <div id="testngpackage.Third_eleven_byStatus_failed_FAIL1_exception"
                       class="testMethodDetails">
                     <pre style="padding: 5px; margin: 0;">java.lang.AssertionError: expected [ashish] but found [anish]
                        at org.testng.Assert.fail(Assert.java:96)
                        at org.testng.Assert.failNotEquals(Assert.java:776)
                        at org.testng.Assert.assertEqualsImpl(Assert.java:137)
                        at org.testng.Assert.assertEquals(Assert.java:118)
                        at org.testng.Assert.assertEquals(Assert.java:453)
                        at org.testng.Assert.assertEquals(Assert.java:463)
                        at testngpackage.Third.eleven(Third.java:11)
                        at sun.reflect.NativeMethodAccessorImpl.invoke0(Native Method)
                        at sun.reflect.NativeMethodAccessorImpl.invoke(Unknown Source)
                        at sun.reflect.DelegatingMethodAccessorImpl.invoke(Unknown Source)
                        at java.lang.reflect.Method.invoke(Unknown Source)
                        at org.testng.internal.MethodInvocationHelper.invokeMethod(MethodInvocationHelper.java:124)
                        at org.testng.internal.Invoker.invokeMethod(Invoker.java:580)
                        at org.testng.internal.Invoker.invokeTestMethod(Invoker.java:716)
                        at org.testng.internal.Invoker.invokeTestMethods(Invoker.java:988)
                        at org.testng.internal.TestMethodWorker.invokeTestMethods(TestMethodWorker.java:125)
                        at org.testng.internal.TestMethodWorker.run(TestMethodWorker.java:109)
                        at org.testng.TestRunner.privateRun(TestRunner.java:648)
                        at org.testng.TestRunner.run(TestRunner.java:505)
                        at org.testng.SuiteRunner.runTest(SuiteRunner.java:455)
                        at org.testng.SuiteRunner.runSequentially(SuiteRunner.java:450)
                        at org.testng.SuiteRunner.privateRun(SuiteRunner.java:415)
                        at org.testng.SuiteRunner.run(SuiteRunner.java:364)
                        at org.testng.SuiteRunnerWorker.runSuite(SuiteRunnerWorker.java:52)
                        at org.testng.SuiteRunnerWorker.run(SuiteRunnerWorker.java:84)
                        at org.testng.TestNG.runSuitesSequentially(TestNG.java:1208)
                        at org.testng.TestNG.runSuitesLocally(TestNG.java:1137)
                        at org.testng.TestNG.runSuites(TestNG.java:1049)
                        at org.testng.TestNG.run(TestNG.java:1017)
                        at org.testng.remote.AbstractRemoteTestNG.run(AbstractRemoteTestNG.java:114)
                        at org.testng.remote.RemoteTestNG.initAndRun(RemoteTestNG.java:251)
                        at org.testng.remote.RemoteTestNG.main(RemoteTestNG.java:77)
                     </pre>
                  </div>
               </td>
            </tr>
            <tr id="testngpackage.Third_nine_byStatus_failed_FAIL2_row"
                class="testMethodStatusFAIL">
               <td width="100%" class="firstMethodCell">
                  <a onclick="toggleDetailsVisibility('testngpackage.Third_nine_byStatus_failed_FAIL2_details')">nine()</a>
               </td>
               <td nowrap="true">09:31:29</td>
               <td nowrap="true" align="right">63 ms
                  
               </td>
               <td nowrap="true">
                  <a onclick="toggleDetailsVisibility('testngpackage.Third_nine_byStatus_failed_FAIL2_exception')">java.lang.AssertionError: 
                     expected [ashish] but found [anish]
                     
                  </a>
                   
                  
               </td>
            </tr>
            <tr>
               <td colspan="4" class="detailsBox">
                  <div id="testngpackage.Third_nine_byStatus_failed_FAIL2_details"
                       class="testMethodDetails">
                     <div>
                        <b>Name: </b>nine
                     </div>
                     <div>
                        <b>Signature: </b>nine()[pri:0, instance:testngpackage.Third@d2cc05a]
                     </div>
                     <div>
                        <b>Start time: </b>09:31:29
                     </div>
                     <div>
                        <b>End time: </b>09:31:29
                     </div>
                     <div>
                        <b>Duration: </b>63 ms
                        
                     </div>
                  </div>
               </td>
            </tr>
            <tr>
               <td colspan="4" class="detailsBox">
                  <div id="testngpackage.Third_nine_byStatus_failed_FAIL2_exception"
                       class="testMethodDetails">
                     <pre style="padding: 5px; margin: 0;">java.lang.AssertionError: expected [ashish] but found [anish]
                        at org.testng.Assert.fail(Assert.java:96)
                        at org.testng.Assert.failNotEquals(Assert.java:776)
                        at org.testng.Assert.assertEqualsImpl(Assert.java:137)
                        at org.testng.Assert.assertEquals(Assert.java:118)
                        at org.testng.Assert.assertEquals(Assert.java:453)
                        at org.testng.Assert.assertEquals(Assert.java:463)
                        at testngpackage.Third.nine(Third.java:16)
                        at sun.reflect.NativeMethodAccessorImpl.invoke0(Native Method)
                        at sun.reflect.NativeMethodAccessorImpl.invoke(Unknown Source)
                        at sun.reflect.DelegatingMethodAccessorImpl.invoke(Unknown Source)
                        at java.lang.reflect.Method.invoke(Unknown Source)
                        at org.testng.internal.MethodInvocationHelper.invokeMethod(MethodInvocationHelper.java:124)
                        at org.testng.internal.Invoker.invokeMethod(Invoker.java:580)
                        at org.testng.internal.Invoker.invokeTestMethod(Invoker.java:716)
                        at org.testng.internal.Invoker.invokeTestMethods(Invoker.java:988)
                        at org.testng.internal.TestMethodWorker.invokeTestMethods(TestMethodWorker.java:125)
                        at org.testng.internal.TestMethodWorker.run(TestMethodWorker.java:109)
                        at org.testng.TestRunner.privateRun(TestRunner.java:648)
                        at org.testng.TestRunner.run(TestRunner.java:505)
                        at org.testng.SuiteRunner.runTest(SuiteRunner.java:455)
                        at org.testng.SuiteRunner.runSequentially(SuiteRunner.java:450)
                        at org.testng.SuiteRunner.privateRun(SuiteRunner.java:415)
                        at org.testng.SuiteRunner.run(SuiteRunner.java:364)
                        at org.testng.SuiteRunnerWorker.runSuite(SuiteRunnerWorker.java:52)
                        at org.testng.SuiteRunnerWorker.run(SuiteRunnerWorker.java:84)
                        at org.testng.TestNG.runSuitesSequentially(TestNG.java:1208)
                        at org.testng.TestNG.runSuitesLocally(TestNG.java:1137)
                        at org.testng.TestNG.runSuites(TestNG.java:1049)
                        at org.testng.TestNG.run(TestNG.java:1017)
                        at org.testng.remote.AbstractRemoteTestNG.run(AbstractRemoteTestNG.java:114)
                        at org.testng.remote.RemoteTestNG.initAndRun(RemoteTestNG.java:251)
                        at org.testng.remote.RemoteTestNG.main(RemoteTestNG.java:77)
                     </pre>
                  </div>
               </td>
            </tr>
            <tr id="testngpackage.FirstClass_four_byStatus_passed_PASS1_row"
                class="testMethodStatusPASS">
               <td width="100%" class="firstMethodCell">
                  <a onclick="toggleDetailsVisibility('testngpackage.FirstClass_four_byStatus_passed_PASS1_details')">four()</a>
               </td>
               <td nowrap="true">09:31:29</td>
               <td nowrap="true" align="right">16 ms
                  
               </td>
               <td nowrap="true">
                   
                  
               </td>
            </tr>
            <tr>
               <td colspan="4" class="detailsBox">
                  <div id="testngpackage.FirstClass_four_byStatus_passed_PASS1_details"
                       class="testMethodDetails">
                     <div>
                        <b>Name: </b>four
                     </div>
                     <div>
                        <b>Signature: </b>four()[pri:0, instance:testngpackage.FirstClass@7c16905e]
                     </div>
                     <div>
                        <b>Start time: </b>09:31:29
                     </div>
                     <div>
                        <b>End time: </b>09:31:29
                     </div>
                     <div>
                        <b>Duration: </b>16 ms
                        
                     </div>
                  </div>
               </td>
            </tr>
            <tr></tr>
            <tr id="testngpackage.FirstClass_one_byStatus_passed_PASS2_row"
                class="testMethodStatusPASS">
               <td width="100%" class="firstMethodCell">
                  <a onclick="toggleDetailsVisibility('testngpackage.FirstClass_one_byStatus_passed_PASS2_details')">one()</a>
               </td>
               <td nowrap="true">09:31:29</td>
               <td nowrap="true" align="right">16 ms
                  
               </td>
               <td nowrap="true">
                   
                  
               </td>
            </tr>
            <tr>
               <td colspan="4" class="detailsBox">
                  <div id="testngpackage.FirstClass_one_byStatus_passed_PASS2_details"
                       class="testMethodDetails">
                     <div>
                        <b>Name: </b>one
                     </div>
                     <div>
                        <b>Signature: </b>one()[pri:0, instance:testngpackage.FirstClass@7c16905e]
                     </div>
                     <div>
                        <b>Start time: </b>09:31:29
                     </div>
                     <div>
                        <b>End time: </b>09:31:29
                     </div>
                     <div>
                        <b>Duration: </b>16 ms
                        
                     </div>
                  </div>
               </td>
            </tr>
            <tr></tr>
            <tr id="testngpackage.FirstClass_three_byStatus_passed_PASS3_row"
                class="testMethodStatusPASS">
               <td width="100%" class="firstMethodCell">
                  <a onclick="toggleDetailsVisibility('testngpackage.FirstClass_three_byStatus_passed_PASS3_details')">three()</a>
               </td>
               <td nowrap="true">09:31:29</td>
               <td nowrap="true" align="right">0 ms
                  
               </td>
               <td nowrap="true">
                   
                  
               </td>
            </tr>
            <tr>
               <td colspan="4" class="detailsBox">
                  <div id="testngpackage.FirstClass_three_byStatus_passed_PASS3_details"
                       class="testMethodDetails">
                     <div>
                        <b>Name: </b>three
                     </div>
                     <div>
                        <b>Signature: </b>three()[pri:0, instance:testngpackage.FirstClass@7c16905e]
                     </div>
                     <div>
                        <b>Start time: </b>09:31:29
                     </div>
                     <div>
                        <b>End time: </b>09:31:29
                     </div>
                     <div>
                        <b>Duration: </b>0 ms
                        
                     </div>
                  </div>
               </td>
            </tr>
            <tr></tr>
            <tr id="testngpackage.FirstClass_two_byStatus_passed_PASS4_row"
                class="testMethodStatusPASS">
               <td width="100%" class="firstMethodCell">
                  <a onclick="toggleDetailsVisibility('testngpackage.FirstClass_two_byStatus_passed_PASS4_details')">two()</a>
               </td>
               <td nowrap="true">09:31:29</td>
               <td nowrap="true" align="right">0 ms
                  
               </td>
               <td nowrap="true">
                   
                  
               </td>
            </tr>
            <tr>
               <td colspan="4" class="detailsBox">
                  <div id="testngpackage.FirstClass_two_byStatus_passed_PASS4_details"
                       class="testMethodDetails">
                     <div>
                        <b>Name: </b>two
                     </div>
                     <div>
                        <b>Signature: </b>two()[pri:0, instance:testngpackage.FirstClass@7c16905e]
                     </div>
                     <div>
                        <b>Start time: </b>09:31:29
                     </div>
                     <div>
                        <b>End time: </b>09:31:29
                     </div>
                     <div>
                        <b>Duration: </b>0 ms
                        
                     </div>
                  </div>
               </td>
            </tr>
            <tr></tr>
            <tr id="testngpackage.Second_eight_byStatus_passed_PASS5_row"
                class="testMethodStatusPASS">
               <td width="100%" class="firstMethodCell">
                  <a onclick="toggleDetailsVisibility('testngpackage.Second_eight_byStatus_passed_PASS5_details')">eight()</a>
               </td>
               <td nowrap="true">09:31:29</td>
               <td nowrap="true" align="right">15 ms
                  
               </td>
               <td nowrap="true">
                   
                  
               </td>
            </tr>
            <tr>
               <td colspan="4" class="detailsBox">
                  <div id="testngpackage.Second_eight_byStatus_passed_PASS5_details"
                       class="testMethodDetails">
                     <div>
                        <b>Name: </b>eight
                     </div>
                     <div>
                        <b>Signature: </b>eight()[pri:0, instance:testngpackage.Second@1753acfe]
                     </div>
                     <div>
                        <b>Start time: </b>09:31:29
                     </div>
                     <div>
                        <b>End time: </b>09:31:29
                     </div>
                     <div>
                        <b>Duration: </b>15 ms
                        
                     </div>
                  </div>
               </td>
            </tr>
            <tr></tr>
            <tr id="testngpackage.Second_five_byStatus_passed_PASS6_row"
                class="testMethodStatusPASS">
               <td width="100%" class="firstMethodCell">
                  <a onclick="toggleDetailsVisibility('testngpackage.Second_five_byStatus_passed_PASS6_details')">five()</a>
               </td>
               <td nowrap="true">09:31:29</td>
               <td nowrap="true" align="right">0 ms
                  
               </td>
               <td nowrap="true">
                   
                  
               </td>
            </tr>
            <tr>
               <td colspan="4" class="detailsBox">
                  <div id="testngpackage.Second_five_byStatus_passed_PASS6_details"
                       class="testMethodDetails">
                     <div>
                        <b>Name: </b>five
                     </div>
                     <div>
                        <b>Signature: </b>five()[pri:0, instance:testngpackage.Second@1753acfe]
                     </div>
                     <div>
                        <b>Start time: </b>09:31:29
                     </div>
                     <div>
                        <b>End time: </b>09:31:29
                     </div>
                     <div>
                        <b>Duration: </b>0 ms
                        
                     </div>
                  </div>
               </td>
            </tr>
            <tr></tr>
            <tr id="testngpackage.Third_anish_byStatus_passed_PASS7_row"
                class="testMethodStatusPASS">
               <td width="100%" class="firstMethodCell">
                  <a onclick="toggleDetailsVisibility('testngpackage.Third_anish_byStatus_passed_PASS7_details')">anish()</a>
               </td>
               <td nowrap="true">09:31:29</td>
               <td nowrap="true" align="right">53 ms
                  
               </td>
               <td nowrap="true">
                   
                  
               </td>
            </tr>
            <tr>
               <td colspan="4" class="detailsBox">
                  <div id="testngpackage.Third_anish_byStatus_passed_PASS7_details"
                       class="testMethodDetails">
                     <div>
                        <b>Name: </b>anish
                     </div>
                     <div>
                        <b>Signature: </b>anish()[pri:0, instance:testngpackage.Third@d2cc05a]
                     </div>
                     <div>
                        <b>Start time: </b>09:31:29
                     </div>
                     <div>
                        <b>End time: </b>09:31:29
                     </div>
                     <div>
                        <b>Duration: </b>53 ms
                        
                     </div>
                  </div>
               </td>
            </tr>
            <tr></tr>
            <tr id="testngpackage.Third_gaurav_byStatus_passed_PASS8_row"
                class="testMethodStatusPASS">
               <td width="100%" class="firstMethodCell">
                  <a onclick="toggleDetailsVisibility('testngpackage.Third_gaurav_byStatus_passed_PASS8_details')">gaurav()</a>
               </td>
               <td nowrap="true">09:31:29</td>
               <td nowrap="true" align="right">15 ms
                  
               </td>
               <td nowrap="true">
                   
                  
               </td>
            </tr>
            <tr>
               <td colspan="4" class="detailsBox">
                  <div id="testngpackage.Third_gaurav_byStatus_passed_PASS8_details"
                       class="testMethodDetails">
                     <div>
                        <b>Name: </b>gaurav
                     </div>
                     <div>
                        <b>Signature: </b>gaurav()[pri:0, instance:testngpackage.Third@d2cc05a]
                     </div>
                     <div>
                        <b>Start time: </b>09:31:29
                     </div>
                     <div>
                        <b>End time: </b>09:31:29
                     </div>
                     <div>
                        <b>Duration: </b>15 ms
                        
                     </div>
                  </div>
               </td>
            </tr>
            <tr></tr>
            <tr id="testngpackage.Second_seven_byStatus_skiped_SKIP1_row"
                class="testMethodStatusSKIP">
               <td width="100%" class="firstMethodCell">
                  <a onclick="toggleDetailsVisibility('testngpackage.Second_seven_byStatus_skiped_SKIP1_details')">seven()</a>
               </td>
               <td nowrap="true">09:31:29</td>
               <td nowrap="true" align="right">0 ms
                  
               </td>
               <td nowrap="true">
                  <a onclick="toggleDetailsVisibility('testngpackage.Second_seven_byStatus_skiped_SKIP1_exception')">org.testng.SkipException: 
                     error
                     
                  </a>
                   
                  
               </td>
            </tr>
            <tr>
               <td colspan="4" class="detailsBox">
                  <div id="testngpackage.Second_seven_byStatus_skiped_SKIP1_details"
                       class="testMethodDetails">
                     <div>
                        <b>Name: </b>seven
                     </div>
                     <div>
                        <b>Signature: </b>seven()[pri:0, instance:testngpackage.Second@1753acfe]
                     </div>
                     <div>
                        <b>Start time: </b>09:31:29
                     </div>
                     <div>
                        <b>End time: </b>09:31:29
                     </div>
                     <div>
                        <b>Duration: </b>0 ms
                        
                     </div>
                  </div>
               </td>
            </tr>
            <tr>
               <td colspan="4" class="detailsBox">
                  <div id="testngpackage.Second_seven_byStatus_skiped_SKIP1_exception"
                       class="testMethodDetails">
                     <pre style="padding: 5px; margin: 0;">org.testng.SkipException: error
                        at testngpackage.Second.seven(Second.java:19)
                        at sun.reflect.NativeMethodAccessorImpl.invoke0(Native Method)
                        at sun.reflect.NativeMethodAccessorImpl.invoke(Unknown Source)
                        at sun.reflect.DelegatingMethodAccessorImpl.invoke(Unknown Source)
                        at java.lang.reflect.Method.invoke(Unknown Source)
                        at org.testng.internal.MethodInvocationHelper.invokeMethod(MethodInvocationHelper.java:124)
                        at org.testng.internal.Invoker.invokeMethod(Invoker.java:580)
                        at org.testng.internal.Invoker.invokeTestMethod(Invoker.java:716)
                        at org.testng.internal.Invoker.invokeTestMethods(Invoker.java:988)
                        at org.testng.internal.TestMethodWorker.invokeTestMethods(TestMethodWorker.java:125)
                        at org.testng.internal.TestMethodWorker.run(TestMethodWorker.java:109)
                        at org.testng.TestRunner.privateRun(TestRunner.java:648)
                        at org.testng.TestRunner.run(TestRunner.java:505)
                        at org.testng.SuiteRunner.runTest(SuiteRunner.java:455)
                        at org.testng.SuiteRunner.runSequentially(SuiteRunner.java:450)
                        at org.testng.SuiteRunner.privateRun(SuiteRunner.java:415)
                        at org.testng.SuiteRunner.run(SuiteRunner.java:364)
                        at org.testng.SuiteRunnerWorker.runSuite(SuiteRunnerWorker.java:52)
                        at org.testng.SuiteRunnerWorker.run(SuiteRunnerWorker.java:84)
                        at org.testng.TestNG.runSuitesSequentially(TestNG.java:1208)
                        at org.testng.TestNG.runSuitesLocally(TestNG.java:1137)
                        at org.testng.TestNG.runSuites(TestNG.java:1049)
                        at org.testng.TestNG.run(TestNG.java:1017)
                        at org.testng.remote.AbstractRemoteTestNG.run(AbstractRemoteTestNG.java:114)
                        at org.testng.remote.RemoteTestNG.initAndRun(RemoteTestNG.java:251)
                        at org.testng.remote.RemoteTestNG.main(RemoteTestNG.java:77)
                     </pre>
                  </div>
               </td>
            </tr>
            <tr id="testngpackage.Second_six_byStatus_skiped_SKIP2_row"
                class="testMethodStatusSKIP">
               <td width="100%" class="firstMethodCell">
                  <a onclick="toggleDetailsVisibility('testngpackage.Second_six_byStatus_skiped_SKIP2_details')">six()</a>
               </td>
               <td nowrap="true">09:31:29</td>
               <td nowrap="true" align="right">0 ms
                  
               </td>
               <td nowrap="true">
                  <a onclick="toggleDetailsVisibility('testngpackage.Second_six_byStatus_skiped_SKIP2_exception')">org.testng.SkipException: 
                     error
                     
                  </a>
                   
                  
               </td>
            </tr>
            <tr>
               <td colspan="4" class="detailsBox">
                  <div id="testngpackage.Second_six_byStatus_skiped_SKIP2_details"
                       class="testMethodDetails">
                     <div>
                        <b>Name: </b>six
                     </div>
                     <div>
                        <b>Signature: </b>six()[pri:0, instance:testngpackage.Second@1753acfe]
                     </div>
                     <div>
                        <b>Start time: </b>09:31:29
                     </div>
                     <div>
                        <b>End time: </b>09:31:29
                     </div>
                     <div>
                        <b>Duration: </b>0 ms
                        
                     </div>
                  </div>
               </td>
            </tr>
            <tr>
               <td colspan="4" class="detailsBox">
                  <div id="testngpackage.Second_six_byStatus_skiped_SKIP2_exception"
                       class="testMethodDetails">
                     <pre style="padding: 5px; margin: 0;">org.testng.SkipException: error
                        at testngpackage.Second.six(Second.java:14)
                        at sun.reflect.NativeMethodAccessorImpl.invoke0(Native Method)
                        at sun.reflect.NativeMethodAccessorImpl.invoke(Unknown Source)
                        at sun.reflect.DelegatingMethodAccessorImpl.invoke(Unknown Source)
                        at java.lang.reflect.Method.invoke(Unknown Source)
                        at org.testng.internal.MethodInvocationHelper.invokeMethod(MethodInvocationHelper.java:124)
                        at org.testng.internal.Invoker.invokeMethod(Invoker.java:580)
                        at org.testng.internal.Invoker.invokeTestMethod(Invoker.java:716)
                        at org.testng.internal.Invoker.invokeTestMethods(Invoker.java:988)
                        at org.testng.internal.TestMethodWorker.invokeTestMethods(TestMethodWorker.java:125)
                        at org.testng.internal.TestMethodWorker.run(TestMethodWorker.java:109)
                        at org.testng.TestRunner.privateRun(TestRunner.java:648)
                        at org.testng.TestRunner.run(TestRunner.java:505)
                        at org.testng.SuiteRunner.runTest(SuiteRunner.java:455)
                        at org.testng.SuiteRunner.runSequentially(SuiteRunner.java:450)
                        at org.testng.SuiteRunner.privateRun(SuiteRunner.java:415)
                        at org.testng.SuiteRunner.run(SuiteRunner.java:364)
                        at org.testng.SuiteRunnerWorker.runSuite(SuiteRunnerWorker.java:52)
                        at org.testng.SuiteRunnerWorker.run(SuiteRunnerWorker.java:84)
                        at org.testng.TestNG.runSuitesSequentially(TestNG.java:1208)
                        at org.testng.TestNG.runSuitesLocally(TestNG.java:1137)
                        at org.testng.TestNG.runSuites(TestNG.java:1049)
                        at org.testng.TestNG.run(TestNG.java:1017)
                        at org.testng.remote.AbstractRemoteTestNG.run(AbstractRemoteTestNG.java:114)
                        at org.testng.remote.RemoteTestNG.initAndRun(RemoteTestNG.java:251)
                        at org.testng.remote.RemoteTestNG.main(RemoteTestNG.java:77)
                     </pre>
                  </div>
               </td>
            </tr>
         </table>
      </div>
      <div id="testMethodsByClass">
         <table class="testMethodsTable" cellpadding="0" cellspacing="0">
            <tr>
               <td colspan="4">
                  <h3 style="display: inline;">testngpackage.FirstClass</h3>
               </td>
            </tr>
            <tr class="methodsTableHeader">
               <td width="100%">Name</td>
               <td nowrap="true">Started</td>
               <td nowrap="true">Duration</td>
               <td>Exception</td>
            </tr>
            <tr id="testngpackage.FirstClass_four_byClass_PASS1_row"
                class="testMethodStatusPASS">
               <td width="100%" class="firstMethodCell">
                  <a onclick="toggleDetailsVisibility('testngpackage.FirstClass_four_byClass_PASS1_details')">four()</a>
               </td>
               <td nowrap="true">09:31:29</td>
               <td nowrap="true" align="right">16 ms
                  
               </td>
               <td nowrap="true">
                   
                  
               </td>
            </tr>
            <tr>
               <td colspan="4" class="detailsBox">
                  <div id="testngpackage.FirstClass_four_byClass_PASS1_details"
                       class="testMethodDetails">
                     <div>
                        <b>Name: </b>four
                     </div>
                     <div>
                        <b>Signature: </b>four()[pri:0, instance:testngpackage.FirstClass@7c16905e]
                     </div>
                     <div>
                        <b>Start time: </b>09:31:29
                     </div>
                     <div>
                        <b>End time: </b>09:31:29
                     </div>
                     <div>
                        <b>Duration: </b>16 ms
                        
                     </div>
                  </div>
               </td>
            </tr>
            <tr></tr>
            <tr id="testngpackage.FirstClass_one_byClass_PASS2_row"
                class="testMethodStatusPASS">
               <td width="100%" class="firstMethodCell">
                  <a onclick="toggleDetailsVisibility('testngpackage.FirstClass_one_byClass_PASS2_details')">one()</a>
               </td>
               <td nowrap="true">09:31:29</td>
               <td nowrap="true" align="right">16 ms
                  
               </td>
               <td nowrap="true">
                   
                  
               </td>
            </tr>
            <tr>
               <td colspan="4" class="detailsBox">
                  <div id="testngpackage.FirstClass_one_byClass_PASS2_details"
                       class="testMethodDetails">
                     <div>
                        <b>Name: </b>one
                     </div>
                     <div>
                        <b>Signature: </b>one()[pri:0, instance:testngpackage.FirstClass@7c16905e]
                     </div>
                     <div>
                        <b>Start time: </b>09:31:29
                     </div>
                     <div>
                        <b>End time: </b>09:31:29
                     </div>
                     <div>
                        <b>Duration: </b>16 ms
                        
                     </div>
                  </div>
               </td>
            </tr>
            <tr></tr>
            <tr id="testngpackage.FirstClass_three_byClass_PASS3_row"
                class="testMethodStatusPASS">
               <td width="100%" class="firstMethodCell">
                  <a onclick="toggleDetailsVisibility('testngpackage.FirstClass_three_byClass_PASS3_details')">three()</a>
               </td>
               <td nowrap="true">09:31:29</td>
               <td nowrap="true" align="right">0 ms
                  
               </td>
               <td nowrap="true">
                   
                  
               </td>
            </tr>
            <tr>
               <td colspan="4" class="detailsBox">
                  <div id="testngpackage.FirstClass_three_byClass_PASS3_details"
                       class="testMethodDetails">
                     <div>
                        <b>Name: </b>three
                     </div>
                     <div>
                        <b>Signature: </b>three()[pri:0, instance:testngpackage.FirstClass@7c16905e]
                     </div>
                     <div>
                        <b>Start time: </b>09:31:29
                     </div>
                     <div>
                        <b>End time: </b>09:31:29
                     </div>
                     <div>
                        <b>Duration: </b>0 ms
                        
                     </div>
                  </div>
               </td>
            </tr>
            <tr></tr>
            <tr id="testngpackage.FirstClass_two_byClass_PASS4_row"
                class="testMethodStatusPASS">
               <td width="100%" class="firstMethodCell">
                  <a onclick="toggleDetailsVisibility('testngpackage.FirstClass_two_byClass_PASS4_details')">two()</a>
               </td>
               <td nowrap="true">09:31:29</td>
               <td nowrap="true" align="right">0 ms
                  
               </td>
               <td nowrap="true">
                   
                  
               </td>
            </tr>
            <tr>
               <td colspan="4" class="detailsBox">
                  <div id="testngpackage.FirstClass_two_byClass_PASS4_details"
                       class="testMethodDetails">
                     <div>
                        <b>Name: </b>two
                     </div>
                     <div>
                        <b>Signature: </b>two()[pri:0, instance:testngpackage.FirstClass@7c16905e]
                     </div>
                     <div>
                        <b>Start time: </b>09:31:29
                     </div>
                     <div>
                        <b>End time: </b>09:31:29
                     </div>
                     <div>
                        <b>Duration: </b>0 ms
                        
                     </div>
                  </div>
               </td>
            </tr>
            <tr></tr>
         </table>
         <br></br>
         <table class="testMethodsTable" cellpadding="0" cellspacing="0">
            <tr>
               <td colspan="4">
                  <h3 style="display: inline;">testngpackage.Second</h3>
               </td>
            </tr>
            <tr class="methodsTableHeader">
               <td width="100%">Name</td>
               <td nowrap="true">Started</td>
               <td nowrap="true">Duration</td>
               <td>Exception</td>
            </tr>
            <tr id="testngpackage.Second_eight_byClass_PASS1_row" class="testMethodStatusPASS">
               <td width="100%" class="firstMethodCell">
                  <a onclick="toggleDetailsVisibility('testngpackage.Second_eight_byClass_PASS1_details')">eight()</a>
               </td>
               <td nowrap="true">09:31:29</td>
               <td nowrap="true" align="right">15 ms
                  
               </td>
               <td nowrap="true">
                   
                  
               </td>
            </tr>
            <tr>
               <td colspan="4" class="detailsBox">
                  <div id="testngpackage.Second_eight_byClass_PASS1_details" class="testMethodDetails">
                     <div>
                        <b>Name: </b>eight
                     </div>
                     <div>
                        <b>Signature: </b>eight()[pri:0, instance:testngpackage.Second@1753acfe]
                     </div>
                     <div>
                        <b>Start time: </b>09:31:29
                     </div>
                     <div>
                        <b>End time: </b>09:31:29
                     </div>
                     <div>
                        <b>Duration: </b>15 ms
                        
                     </div>
                  </div>
               </td>
            </tr>
            <tr></tr>
            <tr id="testngpackage.Second_five_byClass_PASS2_row" class="testMethodStatusPASS">
               <td width="100%" class="firstMethodCell">
                  <a onclick="toggleDetailsVisibility('testngpackage.Second_five_byClass_PASS2_details')">five()</a>
               </td>
               <td nowrap="true">09:31:29</td>
               <td nowrap="true" align="right">0 ms
                  
               </td>
               <td nowrap="true">
                   
                  
               </td>
            </tr>
            <tr>
               <td colspan="4" class="detailsBox">
                  <div id="testngpackage.Second_five_byClass_PASS2_details" class="testMethodDetails">
                     <div>
                        <b>Name: </b>five
                     </div>
                     <div>
                        <b>Signature: </b>five()[pri:0, instance:testngpackage.Second@1753acfe]
                     </div>
                     <div>
                        <b>Start time: </b>09:31:29
                     </div>
                     <div>
                        <b>End time: </b>09:31:29
                     </div>
                     <div>
                        <b>Duration: </b>0 ms
                        
                     </div>
                  </div>
               </td>
            </tr>
            <tr></tr>
            <tr id="testngpackage.Second_seven_byClass_SKIP3_row" class="testMethodStatusSKIP">
               <td width="100%" class="firstMethodCell">
                  <a onclick="toggleDetailsVisibility('testngpackage.Second_seven_byClass_SKIP3_details')">seven()</a>
               </td>
               <td nowrap="true">09:31:29</td>
               <td nowrap="true" align="right">0 ms
                  
               </td>
               <td nowrap="true">
                  <a onclick="toggleDetailsVisibility('testngpackage.Second_seven_byClass_SKIP3_exception')">org.testng.SkipException: 
                     error
                     
                  </a>
                   
                  
               </td>
            </tr>
            <tr>
               <td colspan="4" class="detailsBox">
                  <div id="testngpackage.Second_seven_byClass_SKIP3_details" class="testMethodDetails">
                     <div>
                        <b>Name: </b>seven
                     </div>
                     <div>
                        <b>Signature: </b>seven()[pri:0, instance:testngpackage.Second@1753acfe]
                     </div>
                     <div>
                        <b>Start time: </b>09:31:29
                     </div>
                     <div>
                        <b>End time: </b>09:31:29
                     </div>
                     <div>
                        <b>Duration: </b>0 ms
                        
                     </div>
                  </div>
               </td>
            </tr>
            <tr>
               <td colspan="4" class="detailsBox">
                  <div id="testngpackage.Second_seven_byClass_SKIP3_exception"
                       class="testMethodDetails">
                     <pre style="padding: 5px; margin: 0;">org.testng.SkipException: error
                        at testngpackage.Second.seven(Second.java:19)
                        at sun.reflect.NativeMethodAccessorImpl.invoke0(Native Method)
                        at sun.reflect.NativeMethodAccessorImpl.invoke(Unknown Source)
                        at sun.reflect.DelegatingMethodAccessorImpl.invoke(Unknown Source)
                        at java.lang.reflect.Method.invoke(Unknown Source)
                        at org.testng.internal.MethodInvocationHelper.invokeMethod(MethodInvocationHelper.java:124)
                        at org.testng.internal.Invoker.invokeMethod(Invoker.java:580)
                        at org.testng.internal.Invoker.invokeTestMethod(Invoker.java:716)
                        at org.testng.internal.Invoker.invokeTestMethods(Invoker.java:988)
                        at org.testng.internal.TestMethodWorker.invokeTestMethods(TestMethodWorker.java:125)
                        at org.testng.internal.TestMethodWorker.run(TestMethodWorker.java:109)
                        at org.testng.TestRunner.privateRun(TestRunner.java:648)
                        at org.testng.TestRunner.run(TestRunner.java:505)
                        at org.testng.SuiteRunner.runTest(SuiteRunner.java:455)
                        at org.testng.SuiteRunner.runSequentially(SuiteRunner.java:450)
                        at org.testng.SuiteRunner.privateRun(SuiteRunner.java:415)
                        at org.testng.SuiteRunner.run(SuiteRunner.java:364)
                        at org.testng.SuiteRunnerWorker.runSuite(SuiteRunnerWorker.java:52)
                        at org.testng.SuiteRunnerWorker.run(SuiteRunnerWorker.java:84)
                        at org.testng.TestNG.runSuitesSequentially(TestNG.java:1208)
                        at org.testng.TestNG.runSuitesLocally(TestNG.java:1137)
                        at org.testng.TestNG.runSuites(TestNG.java:1049)
                        at org.testng.TestNG.run(TestNG.java:1017)
                        at org.testng.remote.AbstractRemoteTestNG.run(AbstractRemoteTestNG.java:114)
                        at org.testng.remote.RemoteTestNG.initAndRun(RemoteTestNG.java:251)
                        at org.testng.remote.RemoteTestNG.main(RemoteTestNG.java:77)
                     </pre>
                  </div>
               </td>
            </tr>
            <tr id="testngpackage.Second_six_byClass_SKIP4_row" class="testMethodStatusSKIP">
               <td width="100%" class="firstMethodCell">
                  <a onclick="toggleDetailsVisibility('testngpackage.Second_six_byClass_SKIP4_details')">six()</a>
               </td>
               <td nowrap="true">09:31:29</td>
               <td nowrap="true" align="right">0 ms
                  
               </td>
               <td nowrap="true">
                  <a onclick="toggleDetailsVisibility('testngpackage.Second_six_byClass_SKIP4_exception')">org.testng.SkipException: 
                     error
                     
                  </a>
                   
                  
               </td>
            </tr>
            <tr>
               <td colspan="4" class="detailsBox">
                  <div id="testngpackage.Second_six_byClass_SKIP4_details" class="testMethodDetails">
                     <div>
                        <b>Name: </b>six
                     </div>
                     <div>
                        <b>Signature: </b>six()[pri:0, instance:testngpackage.Second@1753acfe]
                     </div>
                     <div>
                        <b>Start time: </b>09:31:29
                     </div>
                     <div>
                        <b>End time: </b>09:31:29
                     </div>
                     <div>
                        <b>Duration: </b>0 ms
                        
                     </div>
                  </div>
               </td>
            </tr>
            <tr>
               <td colspan="4" class="detailsBox">
                  <div id="testngpackage.Second_six_byClass_SKIP4_exception" class="testMethodDetails">
                     <pre style="padding: 5px; margin: 0;">org.testng.SkipException: error
                        at testngpackage.Second.six(Second.java:14)
                        at sun.reflect.NativeMethodAccessorImpl.invoke0(Native Method)
                        at sun.reflect.NativeMethodAccessorImpl.invoke(Unknown Source)
                        at sun.reflect.DelegatingMethodAccessorImpl.invoke(Unknown Source)
                        at java.lang.reflect.Method.invoke(Unknown Source)
                        at org.testng.internal.MethodInvocationHelper.invokeMethod(MethodInvocationHelper.java:124)
                        at org.testng.internal.Invoker.invokeMethod(Invoker.java:580)
                        at org.testng.internal.Invoker.invokeTestMethod(Invoker.java:716)
                        at org.testng.internal.Invoker.invokeTestMethods(Invoker.java:988)
                        at org.testng.internal.TestMethodWorker.invokeTestMethods(TestMethodWorker.java:125)
                        at org.testng.internal.TestMethodWorker.run(TestMethodWorker.java:109)
                        at org.testng.TestRunner.privateRun(TestRunner.java:648)
                        at org.testng.TestRunner.run(TestRunner.java:505)
                        at org.testng.SuiteRunner.runTest(SuiteRunner.java:455)
                        at org.testng.SuiteRunner.runSequentially(SuiteRunner.java:450)
                        at org.testng.SuiteRunner.privateRun(SuiteRunner.java:415)
                        at org.testng.SuiteRunner.run(SuiteRunner.java:364)
                        at org.testng.SuiteRunnerWorker.runSuite(SuiteRunnerWorker.java:52)
                        at org.testng.SuiteRunnerWorker.run(SuiteRunnerWorker.java:84)
                        at org.testng.TestNG.runSuitesSequentially(TestNG.java:1208)
                        at org.testng.TestNG.runSuitesLocally(TestNG.java:1137)
                        at org.testng.TestNG.runSuites(TestNG.java:1049)
                        at org.testng.TestNG.run(TestNG.java:1017)
                        at org.testng.remote.AbstractRemoteTestNG.run(AbstractRemoteTestNG.java:114)
                        at org.testng.remote.RemoteTestNG.initAndRun(RemoteTestNG.java:251)
                        at org.testng.remote.RemoteTestNG.main(RemoteTestNG.java:77)
                     </pre>
                  </div>
               </td>
            </tr>
         </table>
         <br></br>
         <table class="testMethodsTable" cellpadding="0" cellspacing="0">
            <tr>
               <td colspan="4">
                  <h3 style="display: inline;">testngpackage.Third</h3>
               </td>
            </tr>
            <tr class="methodsTableHeader">
               <td width="100%">Name</td>
               <td nowrap="true">Started</td>
               <td nowrap="true">Duration</td>
               <td>Exception</td>
            </tr>
            <tr id="testngpackage.Third_anish_byClass_PASS1_row" class="testMethodStatusPASS">
               <td width="100%" class="firstMethodCell">
                  <a onclick="toggleDetailsVisibility('testngpackage.Third_anish_byClass_PASS1_details')">anish()</a>
               </td>
               <td nowrap="true">09:31:29</td>
               <td nowrap="true" align="right">53 ms
                  
               </td>
               <td nowrap="true">
                   
                  
               </td>
            </tr>
            <tr>
               <td colspan="4" class="detailsBox">
                  <div id="testngpackage.Third_anish_byClass_PASS1_details" class="testMethodDetails">
                     <div>
                        <b>Name: </b>anish
                     </div>
                     <div>
                        <b>Signature: </b>anish()[pri:0, instance:testngpackage.Third@d2cc05a]
                     </div>
                     <div>
                        <b>Start time: </b>09:31:29
                     </div>
                     <div>
                        <b>End time: </b>09:31:29
                     </div>
                     <div>
                        <b>Duration: </b>53 ms
                        
                     </div>
                  </div>
               </td>
            </tr>
            <tr></tr>
            <tr id="testngpackage.Third_eleven_byClass_FAIL2_row" class="testMethodStatusFAIL">
               <td width="100%" class="firstMethodCell">
                  <a onclick="toggleDetailsVisibility('testngpackage.Third_eleven_byClass_FAIL2_details')">eleven()</a>
               </td>
               <td nowrap="true">09:31:29</td>
               <td nowrap="true" align="right">15 ms
                  
               </td>
               <td nowrap="true">
                  <a onclick="toggleDetailsVisibility('testngpackage.Third_eleven_byClass_FAIL2_exception')">java.lang.AssertionError: 
                     expected [ashish] but found [anish]
                     
                  </a>
                   
                  
               </td>
            </tr>
            <tr>
               <td colspan="4" class="detailsBox">
                  <div id="testngpackage.Third_eleven_byClass_FAIL2_details" class="testMethodDetails">
                     <div>
                        <b>Name: </b>eleven
                     </div>
                     <div>
                        <b>Signature: </b>eleven()[pri:0, instance:testngpackage.Third@d2cc05a]
                     </div>
                     <div>
                        <b>Start time: </b>09:31:29
                     </div>
                     <div>
                        <b>End time: </b>09:31:29
                     </div>
                     <div>
                        <b>Duration: </b>15 ms
                        
                     </div>
                  </div>
               </td>
            </tr>
            <tr>
               <td colspan="4" class="detailsBox">
                  <div id="testngpackage.Third_eleven_byClass_FAIL2_exception"
                       class="testMethodDetails">
                     <pre style="padding: 5px; margin: 0;">java.lang.AssertionError: expected [ashish] but found [anish]
                        at org.testng.Assert.fail(Assert.java:96)
                        at org.testng.Assert.failNotEquals(Assert.java:776)
                        at org.testng.Assert.assertEqualsImpl(Assert.java:137)
                        at org.testng.Assert.assertEquals(Assert.java:118)
                        at org.testng.Assert.assertEquals(Assert.java:453)
                        at org.testng.Assert.assertEquals(Assert.java:463)
                        at testngpackage.Third.eleven(Third.java:11)
                        at sun.reflect.NativeMethodAccessorImpl.invoke0(Native Method)
                        at sun.reflect.NativeMethodAccessorImpl.invoke(Unknown Source)
                        at sun.reflect.DelegatingMethodAccessorImpl.invoke(Unknown Source)
                        at java.lang.reflect.Method.invoke(Unknown Source)
                        at org.testng.internal.MethodInvocationHelper.invokeMethod(MethodInvocationHelper.java:124)
                        at org.testng.internal.Invoker.invokeMethod(Invoker.java:580)
                        at org.testng.internal.Invoker.invokeTestMethod(Invoker.java:716)
                        at org.testng.internal.Invoker.invokeTestMethods(Invoker.java:988)
                        at org.testng.internal.TestMethodWorker.invokeTestMethods(TestMethodWorker.java:125)
                        at org.testng.internal.TestMethodWorker.run(TestMethodWorker.java:109)
                        at org.testng.TestRunner.privateRun(TestRunner.java:648)
                        at org.testng.TestRunner.run(TestRunner.java:505)
                        at org.testng.SuiteRunner.runTest(SuiteRunner.java:455)
                        at org.testng.SuiteRunner.runSequentially(SuiteRunner.java:450)
                        at org.testng.SuiteRunner.privateRun(SuiteRunner.java:415)
                        at org.testng.SuiteRunner.run(SuiteRunner.java:364)
                        at org.testng.SuiteRunnerWorker.runSuite(SuiteRunnerWorker.java:52)
                        at org.testng.SuiteRunnerWorker.run(SuiteRunnerWorker.java:84)
                        at org.testng.TestNG.runSuitesSequentially(TestNG.java:1208)
                        at org.testng.TestNG.runSuitesLocally(TestNG.java:1137)
                        at org.testng.TestNG.runSuites(TestNG.java:1049)
                        at org.testng.TestNG.run(TestNG.java:1017)
                        at org.testng.remote.AbstractRemoteTestNG.run(AbstractRemoteTestNG.java:114)
                        at org.testng.remote.RemoteTestNG.initAndRun(RemoteTestNG.java:251)
                        at org.testng.remote.RemoteTestNG.main(RemoteTestNG.java:77)
                     </pre>
                  </div>
               </td>
            </tr>
            <tr id="testngpackage.Third_gaurav_byClass_PASS3_row" class="testMethodStatusPASS">
               <td width="100%" class="firstMethodCell">
                  <a onclick="toggleDetailsVisibility('testngpackage.Third_gaurav_byClass_PASS3_details')">gaurav()</a>
               </td>
               <td nowrap="true">09:31:29</td>
               <td nowrap="true" align="right">15 ms
                  
               </td>
               <td nowrap="true">
                   
                  
               </td>
            </tr>
            <tr>
               <td colspan="4" class="detailsBox">
                  <div id="testngpackage.Third_gaurav_byClass_PASS3_details" class="testMethodDetails">
                     <div>
                        <b>Name: </b>gaurav
                     </div>
                     <div>
                        <b>Signature: </b>gaurav()[pri:0, instance:testngpackage.Third@d2cc05a]
                     </div>
                     <div>
                        <b>Start time: </b>09:31:29
                     </div>
                     <div>
                        <b>End time: </b>09:31:29
                     </div>
                     <div>
                        <b>Duration: </b>15 ms
                        
                     </div>
                  </div>
               </td>
            </tr>
            <tr></tr>
            <tr id="testngpackage.Third_nine_byClass_FAIL4_row" class="testMethodStatusFAIL">
               <td width="100%" class="firstMethodCell">
                  <a onclick="toggleDetailsVisibility('testngpackage.Third_nine_byClass_FAIL4_details')">nine()</a>
               </td>
               <td nowrap="true">09:31:29</td>
               <td nowrap="true" align="right">63 ms
                  
               </td>
               <td nowrap="true">
                  <a onclick="toggleDetailsVisibility('testngpackage.Third_nine_byClass_FAIL4_exception')">java.lang.AssertionError: 
                     expected [ashish] but found [anish]
                     
                  </a>
                   
                  
               </td>
            </tr>
            <tr>
               <td colspan="4" class="detailsBox">
                  <div id="testngpackage.Third_nine_byClass_FAIL4_details" class="testMethodDetails">
                     <div>
                        <b>Name: </b>nine
                     </div>
                     <div>
                        <b>Signature: </b>nine()[pri:0, instance:testngpackage.Third@d2cc05a]
                     </div>
                     <div>
                        <b>Start time: </b>09:31:29
                     </div>
                     <div>
                        <b>End time: </b>09:31:29
                     </div>
                     <div>
                        <b>Duration: </b>63 ms
                        
                     </div>
                  </div>
               </td>
            </tr>
            <tr>
               <td colspan="4" class="detailsBox">
                  <div id="testngpackage.Third_nine_byClass_FAIL4_exception" class="testMethodDetails">
                     <pre style="padding: 5px; margin: 0;">java.lang.AssertionError: expected [ashish] but found [anish]
                        at org.testng.Assert.fail(Assert.java:96)
                        at org.testng.Assert.failNotEquals(Assert.java:776)
                        at org.testng.Assert.assertEqualsImpl(Assert.java:137)
                        at org.testng.Assert.assertEquals(Assert.java:118)
                        at org.testng.Assert.assertEquals(Assert.java:453)
                        at org.testng.Assert.assertEquals(Assert.java:463)
                        at testngpackage.Third.nine(Third.java:16)
                        at sun.reflect.NativeMethodAccessorImpl.invoke0(Native Method)
                        at sun.reflect.NativeMethodAccessorImpl.invoke(Unknown Source)
                        at sun.reflect.DelegatingMethodAccessorImpl.invoke(Unknown Source)
                        at java.lang.reflect.Method.invoke(Unknown Source)
                        at org.testng.internal.MethodInvocationHelper.invokeMethod(MethodInvocationHelper.java:124)
                        at org.testng.internal.Invoker.invokeMethod(Invoker.java:580)
                        at org.testng.internal.Invoker.invokeTestMethod(Invoker.java:716)
                        at org.testng.internal.Invoker.invokeTestMethods(Invoker.java:988)
                        at org.testng.internal.TestMethodWorker.invokeTestMethods(TestMethodWorker.java:125)
                        at org.testng.internal.TestMethodWorker.run(TestMethodWorker.java:109)
                        at org.testng.TestRunner.privateRun(TestRunner.java:648)
                        at org.testng.TestRunner.run(TestRunner.java:505)
                        at org.testng.SuiteRunner.runTest(SuiteRunner.java:455)
                        at org.testng.SuiteRunner.runSequentially(SuiteRunner.java:450)
                        at org.testng.SuiteRunner.privateRun(SuiteRunner.java:415)
                        at org.testng.SuiteRunner.run(SuiteRunner.java:364)
                        at org.testng.SuiteRunnerWorker.runSuite(SuiteRunnerWorker.java:52)
                        at org.testng.SuiteRunnerWorker.run(SuiteRunnerWorker.java:84)
                        at org.testng.TestNG.runSuitesSequentially(TestNG.java:1208)
                        at org.testng.TestNG.runSuitesLocally(TestNG.java:1137)
                        at org.testng.TestNG.runSuites(TestNG.java:1049)
                        at org.testng.TestNG.run(TestNG.java:1017)
                        at org.testng.remote.AbstractRemoteTestNG.run(AbstractRemoteTestNG.java:114)
                        at org.testng.remote.RemoteTestNG.initAndRun(RemoteTestNG.java:251)
                        at org.testng.remote.RemoteTestNG.main(RemoteTestNG.java:77)
                     </pre>
                  </div>
               </td>
            </tr>
         </table>
         <br></br>
      </div>
      <div style="margin-top: 15px; color: gray; text-align: center; font-size: 9px;">
         Generated with
         
         <a href="http://code.google.com/p/testng-xslt/" style="color: #8888aa;"
            target="_blank">
            TestNG XSLT
            
         </a>
      </div>
   </body>
</html>